<?xml version="1.0" encoding="UTF-8"?>
<testsuite name="YachtTest" tests="1" skipped="0" failures="0" errors="0" timestamp="2020-09-22T18:19:38" hostname="DESKTOP-ES701K5" time="0.008">
  <properties/>
  <testcase name="fullHouseTwoSmallThreeBig" classname="YachtTest" time="0.008"/>
  <system-out><![CDATA[[2, 2, 4, 4, 4]
]]></system-out>
  <system-err><![CDATA[]]></system-err>
</testsuite>
