<?xml version="1.0" encoding="UTF-8"?>
<testsuite name="ResistorColorTest" tests="1" skipped="0" failures="0" errors="0" timestamp="2020-07-15T16:32:10" hostname="DESKTOP-ES701K5" time="0.004">
  <properties/>
  <testcase name="testColors" classname="ResistorColorTest" time="0.004"/>
  <system-out><![CDATA[]]></system-out>
  <system-err><![CDATA[]]></system-err>
</testsuite>
