<?xml version="1.0" encoding="UTF-8"?>
<testsuite name="MicroBlogTest" tests="1" skipped="0" failures="0" errors="0" timestamp="2020-07-15T18:48:30" hostname="DESKTOP-ES701K5" time="0.003">
  <properties/>
  <testcase name="royalFlush" classname="MicroBlogTest" time="0.003"/>
  <system-out><![CDATA[]]></system-out>
  <system-err><![CDATA[]]></system-err>
</testsuite>
